0 info it worked if it ends with ok
1 verbose cli [ '/home/nadeem/.nvm/versions/node/v6.10.3/bin/node',
1 verbose cli   '/home/nadeem/.nvm/versions/node/v6.10.3/bin/npm',
1 verbose cli   'i',
1 verbose cli   'nginfyscroll' ]
2 info using npm@3.10.10
3 info using node@v6.10.3
4 silly loadCurrentTree Starting
5 silly install loadCurrentTree
6 silly install readLocalPackageData
7 silly fetchPackageMetaData nginfyscroll
8 silly fetchNamedPackageData nginfyscroll
9 silly mapToRegistry name nginfyscroll
10 silly mapToRegistry using default registry
11 silly mapToRegistry registry https://registry.npmjs.org/
12 silly mapToRegistry data Result {
12 silly mapToRegistry   raw: 'nginfyscroll',
12 silly mapToRegistry   scope: null,
12 silly mapToRegistry   escapedName: 'nginfyscroll',
12 silly mapToRegistry   name: 'nginfyscroll',
12 silly mapToRegistry   rawSpec: '',
12 silly mapToRegistry   spec: 'latest',
12 silly mapToRegistry   type: 'tag' }
13 silly mapToRegistry uri https://registry.npmjs.org/nginfyscroll
14 verbose request uri https://registry.npmjs.org/nginfyscroll
15 verbose request no auth needed
16 info attempt registry request try #1 at 6:26:54 PM
17 verbose request using bearer token for auth
18 verbose request id 6c9b8e48ab118bb4
19 http request GET https://registry.npmjs.org/nginfyscroll
20 http 200 https://registry.npmjs.org/nginfyscroll
21 verbose headers { date: 'Wed, 05 Sep 2018 12:56:55 GMT',
21 verbose headers   'content-type': 'application/json',
21 verbose headers   'transfer-encoding': 'chunked',
21 verbose headers   connection: 'keep-alive',
21 verbose headers   'set-cookie': [ '__cfduid=dbd6550f0df57976a7254bdbdd71c29201536152214; expires=Thu, 05-Sep-19 12:56:54 GMT; path=/; domain=.registry.npmjs.org; HttpOnly' ],
21 verbose headers   'cf-cache-status': 'MISS',
21 verbose headers   'cache-control': 'max-age=300',
21 verbose headers   'cf-ray': '4558dbce68138a91-BOM',
21 verbose headers   etag: 'W/"9caa1dc841b9389f1c8cf73c6b6bc959"',
21 verbose headers   'expect-ct': 'max-age=604800, report-uri="https://report-uri.cloudflare.com/cdn-cgi/beacon/expect-ct"',
21 verbose headers   'last-modified': 'Wed, 05 Sep 2018 12:56:17 GMT',
21 verbose headers   vary: 'accept-encoding, accept',
21 verbose headers   'x-amz-meta-rev': '1-5a77bb1c8ff69c32d4e7c40f9afe9b1d',
21 verbose headers   server: 'cloudflare',
21 verbose headers   'content-encoding': 'gzip' }
22 silly get cb [ 200,
22 silly get   { date: 'Wed, 05 Sep 2018 12:56:55 GMT',
22 silly get     'content-type': 'application/json',
22 silly get     'transfer-encoding': 'chunked',
22 silly get     connection: 'keep-alive',
22 silly get     'set-cookie': [ '__cfduid=dbd6550f0df57976a7254bdbdd71c29201536152214; expires=Thu, 05-Sep-19 12:56:54 GMT; path=/; domain=.registry.npmjs.org; HttpOnly' ],
22 silly get     'cf-cache-status': 'MISS',
22 silly get     'cache-control': 'max-age=300',
22 silly get     'cf-ray': '4558dbce68138a91-BOM',
22 silly get     etag: 'W/"9caa1dc841b9389f1c8cf73c6b6bc959"',
22 silly get     'expect-ct': 'max-age=604800, report-uri="https://report-uri.cloudflare.com/cdn-cgi/beacon/expect-ct"',
22 silly get     'last-modified': 'Wed, 05 Sep 2018 12:56:17 GMT',
22 silly get     vary: 'accept-encoding, accept',
22 silly get     'x-amz-meta-rev': '1-5a77bb1c8ff69c32d4e7c40f9afe9b1d',
22 silly get     server: 'cloudflare',
22 silly get     'content-encoding': 'gzip' } ]
23 verbose get saving nginfyscroll to /home/nadeem/.npm/registry.npmjs.org/nginfyscroll/.cache.json
24 verbose correctMkdir /home/nadeem/.npm correctMkdir not in flight; initializing
25 silly install normalizeTree
26 silly loadCurrentTree Finishing
27 silly loadIdealTree Starting
28 silly install loadIdealTree
29 silly cloneCurrentTree Starting
30 silly install cloneCurrentTreeToIdealTree
31 silly cloneCurrentTree Finishing
32 silly loadShrinkwrap Starting
33 silly install loadShrinkwrap
34 silly loadShrinkwrap Finishing
35 silly loadAllDepsIntoIdealTree Starting
36 silly install loadAllDepsIntoIdealTree
37 silly rollbackFailedOptional Starting
38 silly rollbackFailedOptional Finishing
39 silly runTopLevelLifecycles Finishing
40 silly install printInstalled
41 verbose stack Error: Refusing to install nginfyscroll as a dependency of itself
41 verbose stack     at checkSelf (/home/nadeem/.nvm/versions/node/v6.10.3/lib/node_modules/npm/lib/install/validate-args.js:53:14)
41 verbose stack     at Array.<anonymous> (/home/nadeem/.nvm/versions/node/v6.10.3/lib/node_modules/npm/node_modules/slide/lib/bind-actor.js:15:8)
41 verbose stack     at LOOP (/home/nadeem/.nvm/versions/node/v6.10.3/lib/node_modules/npm/node_modules/slide/lib/chain.js:15:14)
41 verbose stack     at chain (/home/nadeem/.nvm/versions/node/v6.10.3/lib/node_modules/npm/node_modules/slide/lib/chain.js:20:5)
41 verbose stack     at /home/nadeem/.nvm/versions/node/v6.10.3/lib/node_modules/npm/lib/install/validate-args.js:16:5
41 verbose stack     at /home/nadeem/.nvm/versions/node/v6.10.3/lib/node_modules/npm/node_modules/slide/lib/async-map.js:52:35
41 verbose stack     at Array.forEach (native)
41 verbose stack     at /home/nadeem/.nvm/versions/node/v6.10.3/lib/node_modules/npm/node_modules/slide/lib/async-map.js:52:11
41 verbose stack     at Array.forEach (native)
41 verbose stack     at asyncMap (/home/nadeem/.nvm/versions/node/v6.10.3/lib/node_modules/npm/node_modules/slide/lib/async-map.js:51:8)
42 verbose cwd /home/nadeem/openSourceContribs/angularInfyScroll
43 error Linux 4.15.0-33-generic
44 error argv "/home/nadeem/.nvm/versions/node/v6.10.3/bin/node" "/home/nadeem/.nvm/versions/node/v6.10.3/bin/npm" "i" "nginfyscroll"
45 error node v6.10.3
46 error npm  v3.10.10
47 error code ENOSELF
48 error Refusing to install nginfyscroll as a dependency of itself
49 error If you need help, you may report this error at:
49 error     <https://github.com/npm/npm/issues>
50 verbose exit [ 1, true ]
